Started on 2012-09-24 15:11:05 - 2012 Sep 24

Checking File ....
File : /home/wwwroot/files/conversion_queue/1348470644080d3.flv
File Exists : Yes
raw_output_for_stat : ffmpeg version 0.8.3-4:0.8.3-0ubuntu0.12.04.1, Copyright (c) 2000-2012 the Libav developers
  built on Jun 12 2012 16:37:58 with gcc 4.6.3
*** THIS PROGRAM IS DEPRECATED ***
This program is only provided for compatibility and will be removed in a future release. Please use avconv instead.
[flv @ 0x8dca240] Estimating duration from bitrate, this may be inaccurate
Input #0, flv, from '/home/wwwroot/files/conversion_queue/1348470644080d3.flv':
  Metadata:
    metadatacreator : modified by youku.com in 20111202
    hasKeyframes    : true
    hasVideo        : true
    hasAudio        : true
    hasMetadata     : true
  Duration: 00:06:55.73, start: 0.000000, bitrate: N/A
    Stream #0.0: Video: h264 (High), yuv420p, 448x336 [PAR 1:1 DAR 4:3], 15 tbr, 1k tbn, 30 tbc
    Stream #0.1: Audio: aac, 44100 Hz, stereo, s16
Output #0, null, to '/dev/null':
  Metadata:
    metadatacreator : modified by youku.com in 20111202
    hasKeyframes    : true
    hasVideo        : true
    hasAudio        : true
    hasMetadata     : true
    encoder         : Lavf53.21.0
    Stream #0.0: Video: libx264, yuv420p, 448x336 [PAR 1:1 DAR 4:3], q=2-31, 90k tbn, 15 tbc
    Stream #0.1: Audio: libvo_aacenc, 44100 Hz, stereo
Stream mapping:
  Stream #0.0 -> #0.0
  Stream #0.1 -> #0.1
Press ctrl-c to stop encoding
frame= 6236 fps=  0 q=-1.0 Lsize=      -0kB time=415.73 bitrate=  -0.0kbits/s    
video:13745kB audio:1628kB global headers:0kB muxing overhead -100.000140%


Preparing file...
format : flv
duration : 415.73
size : 16021521
bitrate : 301
video_width : 448
video_height : 336
video_wh_ratio : 1.33333333333
video_codec : h264
video_rate : 15.0001202704
video_bitrate : 264
video_color : N/A
audio_codec : aac
audio_bitrate : 31
audio_rate : 44100
audio_channels : stereo
path : /home/wwwroot/files/conversion_queue/1348470644080d3.flv

Converting Video
Conversion Command : /usr/bin/ffmpeg -i /home/wwwroot/files/conversion_queue/1348470644080d3.flv  -f flv  -vcodec libx264 -r 25  -ab 128000  -ar 22050  /home/wwwroot/files/videos/1348470644080d3.flv  2> /home/wwwroot/files/temp/13484706663cfcc.tmp


Conversion Details

Flv Quick Conv;raw_output_for_stat : ffmpeg version 0.8.3-4:0.8.3-0ubuntu0.12.04.1, Copyright (c) 2000-2012 the Libav developers
  built on Jun 12 2012 16:37:58 with gcc 4.6.3
*** THIS PROGRAM IS DEPRECATED ***
This program is only provided for compatibility and will be removed in a future release. Please use avconv instead.
[flv @ 0x8827240] Estimating duration from bitrate, this may be inaccurate
Input #0, flv, from '/home/wwwroot/files/videos/1348470644080d3.flv':
  Metadata:
    metadatacreator : modified by youku.com in 20111202
    hasKeyframes    : true
    hasVideo        : true
    hasAudio        : true
    hasMetadata     : true
  Duration: 00:06:55.73, start: 0.000000, bitrate: N/A
    Stream #0.0: Video: h264 (High), yuv420p, 448x336 [PAR 1:1 DAR 4:3], 15 tbr, 1k tbn, 30 tbc
    Stream #0.1: Audio: aac, 44100 Hz, stereo, s16
Output #0, null, to '/dev/null':
  Metadata:
    metadatacreator : modified by youku.com in 20111202
    hasKeyframes    : true
    hasVideo        : true
    hasAudio        : true
    hasMetadata     : true
    encoder         : Lavf53.21.0
    Stream #0.0: Video: libx264, yuv420p, 448x336 [PAR 1:1 DAR 4:3], q=2-31, 90k tbn, 15 tbc
    Stream #0.1: Audio: libvo_aacenc, 44100 Hz, stereo
Stream mapping:
  Stream #0.0 -> #0.0
  Stream #0.1 -> #0.1
Press ctrl-c to stop encoding
frame= 6236 fps=  0 q=-1.0 Lsize=      -0kB time=415.73 bitrate=  -0.0kbits/s    
video:13745kB audio:1628kB global headers:0kB muxing overhead -100.000140%

raw_output_for_stat : ffmpeg version 0.8.3-4:0.8.3-0ubuntu0.12.04.1, Copyright (c) 2000-2012 the Libav developers
  built on Jun 12 2012 16:37:58 with gcc 4.6.3
*** THIS PROGRAM IS DEPRECATED ***
This program is only provided for compatibility and will be removed in a future release. Please use avconv instead.
[flv @ 0x9515240] Estimating duration from bitrate, this may be inaccurate
Input #0, flv, from '/home/wwwroot/files/videos/1348470644080d3.flv':
  Metadata:
    metadatacreator : modified by youku.com in 20111202
    hasKeyframes    : true
    hasVideo        : true
    hasAudio        : true
    hasMetadata     : true
  Duration: 00:06:55.73, start: 0.000000, bitrate: N/A
    Stream #0.0: Video: h264 (High), yuv420p, 448x336 [PAR 1:1 DAR 4:3], 15 tbr, 1k tbn, 30 tbc
    Stream #0.1: Audio: aac, 44100 Hz, stereo, s16
Output #0, null, to '/dev/null':
  Metadata:
    metadatacreator : modified by youku.com in 20111202
    hasKeyframes    : true
    hasVideo        : true
    hasAudio        : true
    hasMetadata     : true
    encoder         : Lavf53.21.0
    Stream #0.0: Video: libx264, yuv420p, 448x336 [PAR 1:1 DAR 4:3], q=2-31, 90k tbn, 15 tbc
    Stream #0.1: Audio: libvo_aacenc, 44100 Hz, stereo
Stream mapping:
  Stream #0.0 -> #0.0
  Stream #0.1 -> #0.1
Press ctrl-c to stop encoding
frame= 6236 fps=  0 q=-1.0 Lsize=      -0kB time=415.73 bitrate=  -0.0kbits/s    
video:13745kB audio:1628kB global headers:0kB muxing overhead -100.000140%



output_format : flv
output_duration : 415.73
output_size : 16021521
output_bitrate : 301
output_video_width : 448
output_video_height : 336
output_video_wh_ratio : 1.33333333333
output_video_codec : h264
output_video_rate : 15.0001202704
output_video_bitrate : 264
output_video_color : N/A
output_audio_codec : aac
output_audio_bitrate : 31
output_audio_rate : 44100
output_audio_channels : stereo
output_path : /home/wwwroot/files/videos/1348470644080d3.flv


Time Took : 1.6661 seconds

conversion_status : completed
