Started on 2012-11-30 16:38:47 - 2012 Nov 30

Checking File ....
File : /mnt/array1/www/htdocs/wwwroot/files/conversion_queue/135426472262a2b.flv
File Exists : Yes
raw_output_for_stat : ffmpeg version N-44546-g66bdc58 Copyright (c) 2000-2012 the FFmpeg developers
  built on Sep 20 2012 14:29:12 with gcc 4.3.2 (Sourcery G++ Lite 2008q3-72)
  configuration: --prefix=/home/administrator/nas/usr/local --arch=arm --target-os=linux --enable-gpl --enable-libx264 --enable-libxvid --enable-cross-compile --cross-prefix=/usr/local/arm/4.3.2/bin/arm-linux- --extra-cflags=-I/home/administrator/nas/usr/local/include --extra-ldflags=-L/home/administrator/nas/usr/local/lib --extra-cflags=-static --extra-ldflags=-static --enable-libfaac --enable-nonfree
  libavutil      51. 73.101 / 51. 73.101
  libavcodec     54. 56.100 / 54. 56.100
  libavformat    54. 27.101 / 54. 27.101
  libavdevice    54.  2.100 / 54.  2.100
  libavfilter     3. 16.104 /  3. 16.104
  libswscale      2.  1.101 /  2.  1.101
  libswresample   0. 15.100 /  0. 15.100
  libpostproc    52.  0.100 / 52.  0.100
Input #0, flv, from '/mnt/array1/www/htdocs/wwwroot/files/conversion_queue/135426472262a2b.flv':
  Metadata:
    metadatacreator : modified by youku.com in 20111202
    hasKeyframes    : true
    hasVideo        : true
    hasAudio        : true
    hasMetadata     : true
  Duration: 00:06:05.46, start: 0.000000, bitrate: 287 kb/s
    Stream #0:0: Video: h264 (High), yuv420p, 512x288 [SAR 1:1 DAR 16:9], 15 tbr, 1k tbn, 30 tbc
    Stream #0:1: Audio: aac, 44100 Hz, stereo, s16
Output #0, null, to '/dev/null':
  Metadata:
    metadatacreator : modified by youku.com in 20111202
    hasKeyframes    : true
    hasVideo        : true
    hasAudio        : true
    hasMetadata     : true
    encoder         : Lavf54.27.101
    Stream #0:0: Video: h264, yuv420p, 512x288 [SAR 1:1 DAR 16:9], q=2-31, 90k tbn, 15 tbc
    Stream #0:1: Audio: aac, 44100 Hz, stereo
Stream mapping:
  Stream #0:0 -> #0:0 (copy)
  Stream #0:1 -> #0:1 (copy)
Press [q] to stop, [?] for help
frame= 1629 fps=0.0 q=-1.0 size=       0kB time=00:01:48.59 bitrate=   0.0kbits/s    frame= 2526 fps=2524 q=-1.0 size=       0kB time=00:02:48.39 bitrate=   0.0kbits/s    frame= 3583 fps=2372 q=-1.0 size=       0kB time=00:03:58.88 bitrate=   0.0kbits/s    frame= 4813 fps=2394 q=-1.0 size=       0kB time=00:05:20.86 bitrate=   0.0kbits/s    frame= 5482 fps=2534 q=-1.0 Lsize=       0kB time=00:06:05.46 bitrate=   0.0kbits/s    
video:11157kB audio:1423kB subtitle:0 global headers:0kB muxing overhead -100.000000%


Preparing file...
format : flv
duration : 365.46
size : 13127090
bitrate : 280
video_width : 512
video_height : 288
video_wh_ratio : 1.77777777778
video_codec : h264
video_rate : 15.0002736278
video_bitrate : 244
video_color : N/A
audio_codec : aac
audio_bitrate : 31
audio_rate : 44100
audio_channels : stereo
path : /mnt/array1/www/htdocs/wwwroot/files/conversion_queue/135426472262a2b.flv

Converting Video
Conversion Command : /usr/local/bin/ffmpeg -i /mnt/array1/www/htdocs/wwwroot/files/conversion_queue/135426472262a2b.flv  -f flv  -vcodec libx264 -r 25  -ab 128000  -ar 22050  /mnt/array1/www/htdocs/wwwroot/files/videos/135426472262a2b.flv  2> /mnt/array1/www/htdocs/wwwroot/files/temp/135426473003c7c.tmp


Conversion Details

Flv Quick Conv;raw_output_for_stat : ffmpeg version N-44546-g66bdc58 Copyright (c) 2000-2012 the FFmpeg developers
  built on Sep 20 2012 14:29:12 with gcc 4.3.2 (Sourcery G++ Lite 2008q3-72)
  configuration: --prefix=/home/administrator/nas/usr/local --arch=arm --target-os=linux --enable-gpl --enable-libx264 --enable-libxvid --enable-cross-compile --cross-prefix=/usr/local/arm/4.3.2/bin/arm-linux- --extra-cflags=-I/home/administrator/nas/usr/local/include --extra-ldflags=-L/home/administrator/nas/usr/local/lib --extra-cflags=-static --extra-ldflags=-static --enable-libfaac --enable-nonfree
  libavutil      51. 73.101 / 51. 73.101
  libavcodec     54. 56.100 / 54. 56.100
  libavformat    54. 27.101 / 54. 27.101
  libavdevice    54.  2.100 / 54.  2.100
  libavfilter     3. 16.104 /  3. 16.104
  libswscale      2.  1.101 /  2.  1.101
  libswresample   0. 15.100 /  0. 15.100
  libpostproc    52.  0.100 / 52.  0.100
Input #0, flv, from '/mnt/array1/www/htdocs/wwwroot/files/videos/135426472262a2b.flv':
  Metadata:
    metadatacreator : modified by youku.com in 20111202
    hasKeyframes    : true
    hasVideo        : true
    hasAudio        : true
    hasMetadata     : true
  Duration: 00:06:05.46, start: 0.000000, bitrate: 287 kb/s
    Stream #0:0: Video: h264 (High), yuv420p, 512x288 [SAR 1:1 DAR 16:9], 15 tbr, 1k tbn, 30 tbc
    Stream #0:1: Audio: aac, 44100 Hz, stereo, s16
Output #0, null, to '/dev/null':
  Metadata:
    metadatacreator : modified by youku.com in 20111202
    hasKeyframes    : true
    hasVideo        : true
    hasAudio        : true
    hasMetadata     : true
    encoder         : Lavf54.27.101
    Stream #0:0: Video: h264, yuv420p, 512x288 [SAR 1:1 DAR 16:9], q=2-31, 90k tbn, 15 tbc
    Stream #0:1: Audio: aac, 44100 Hz, stereo
Stream mapping:
  Stream #0:0 -> #0:0 (copy)
  Stream #0:1 -> #0:1 (copy)
Press [q] to stop, [?] for help
frame=  538 fps=0.0 q=-1.0 size=       0kB time=00:00:35.86 bitrate=   0.0kbits/s    frame= 1073 fps=1007 q=-1.0 size=       0kB time=00:01:11.53 bitrate=   0.0kbits/s    frame= 2287 fps=1459 q=-1.0 size=       0kB time=00:02:32.46 bitrate=   0.0kbits/s    frame= 3391 fps=1634 q=-1.0 size=       0kB time=00:03:46.06 bitrate=   0.0kbits/s    frame= 4524 fps=1754 q=-1.0 size=       0kB time=00:05:01.59 bitrate=   0.0kbits/s    frame= 5482 fps=1890 q=-1.0 Lsize=       0kB time=00:06:05.46 bitrate=   0.0kbits/s    
video:11157kB audio:1423kB subtitle:0 global headers:0kB muxing overhead -100.000000%

raw_output_for_stat : ffmpeg version N-44546-g66bdc58 Copyright (c) 2000-2012 the FFmpeg developers
  built on Sep 20 2012 14:29:12 with gcc 4.3.2 (Sourcery G++ Lite 2008q3-72)
  configuration: --prefix=/home/administrator/nas/usr/local --arch=arm --target-os=linux --enable-gpl --enable-libx264 --enable-libxvid --enable-cross-compile --cross-prefix=/usr/local/arm/4.3.2/bin/arm-linux- --extra-cflags=-I/home/administrator/nas/usr/local/include --extra-ldflags=-L/home/administrator/nas/usr/local/lib --extra-cflags=-static --extra-ldflags=-static --enable-libfaac --enable-nonfree
  libavutil      51. 73.101 / 51. 73.101
  libavcodec     54. 56.100 / 54. 56.100
  libavformat    54. 27.101 / 54. 27.101
  libavdevice    54.  2.100 / 54.  2.100
  libavfilter     3. 16.104 /  3. 16.104
  libswscale      2.  1.101 /  2.  1.101
  libswresample   0. 15.100 /  0. 15.100
  libpostproc    52.  0.100 / 52.  0.100
Input #0, flv, from '/mnt/array1/www/htdocs/wwwroot/files/videos/135426472262a2b.flv':
  Metadata:
    metadatacreator : modified by youku.com in 20111202
    hasKeyframes    : true
    hasVideo        : true
    hasAudio        : true
    hasMetadata     : true
  Duration: 00:06:05.46, start: 0.000000, bitrate: 287 kb/s
    Stream #0:0: Video: h264 (High), yuv420p, 512x288 [SAR 1:1 DAR 16:9], 15 tbr, 1k tbn, 30 tbc
    Stream #0:1: Audio: aac, 44100 Hz, stereo, s16
Output #0, null, to '/dev/null':
  Metadata:
    metadatacreator : modified by youku.com in 20111202
    hasKeyframes    : true
    hasVideo        : true
    hasAudio        : true
    hasMetadata     : true
    encoder         : Lavf54.27.101
    Stream #0:0: Video: h264, yuv420p, 512x288 [SAR 1:1 DAR 16:9], q=2-31, 90k tbn, 15 tbc
    Stream #0:1: Audio: aac, 44100 Hz, stereo
Stream mapping:
  Stream #0:0 -> #0:0 (copy)
  Stream #0:1 -> #0:1 (copy)
Press [q] to stop, [?] for help
frame= 2193 fps=0.0 q=-1.0 size=       0kB time=00:02:26.23 bitrate=   0.0kbits/s    frame= 4354 fps=4354 q=-1.0 size=       0kB time=00:04:50.29 bitrate=   0.0kbits/s    frame= 5482 fps=4377 q=-1.0 Lsize=       0kB time=00:06:05.46 bitrate=   0.0kbits/s    
video:11157kB audio:1423kB subtitle:0 global headers:0kB muxing overhead -100.000000%



output_format : flv
output_duration : 365.46
output_size : 13127090
output_bitrate : 280
output_video_width : 512
output_video_height : 288
output_video_wh_ratio : 1.77777777778
output_video_codec : h264
output_video_rate : 15.0002736278
output_video_bitrate : 244
output_video_color : N/A
output_audio_codec : aac
output_audio_bitrate : 31
output_audio_rate : 44100
output_audio_channels : stereo
output_path : /mnt/array1/www/htdocs/wwwroot/files/videos/135426472262a2b.flv


Time Took : 7.8797 seconds

conversion_status : failed
